[2014-08-06 14:33:03,839] [order_info] [23289] INFO  ShoppingCartController._log4phpLogger(/usr/local/websrv/php_cart_8243/protected/controllers/ShoppingCartController.php:262) - Array
(
    [uid] => 8e51e7fb0b444255a92a29614961e058
    [DG201408063067593e] => Array
        (
            [0] => Array
                (
                    [id] => 845
                    [uid] => 8e51e7fb0b444255a92a29614961e058
                    [cookieid] => 942ca5f517304600a55575cde2f0428d
                    [title] => 飞利浦（PHILIPS） SHM6500 头戴式 电脑 耳麦 黑色
                    [product_id] => 9d8ac7d38747e21e75158bd785d2b9b5
                    [product_id_ext] => DGb779f4d114adf9b4d2bb4957619ba83f
                    [url] => http://s.b5m.com/item/9d8ac7d38747e21e75158bd785d2b9b5.html
                    [image] => http://img.b5m.com/image/T1ugYsBKDT1RCvBVdK
                    [price] => 98.50
                    [save] => 0.50
                    [price_changes] => 0.00
                    [price_avg] => 99.00
                    [postage_rule] => 满59元免邮
                    [source] => 京东商城
                    [channel] => web
                    [origin] => 0
                    [type] => 1
                    [goodspec] => 
                    [count] => 1
                    [create_time] => 1407306755
                    [update_time] => 1407306755
                    [status] => 1
                    [num] => 1
                )

        )

)

[2014-08-06 14:33:04,091] [order_info] [13817] INFO  ShoppingCartController._log4phpLogger(/usr/local/websrv/php_cart_8243/protected/controllers/ShoppingCartController.php:262) - Array
(
    [uid] => a72252eba60441a69d804a4579c78d33
    [DG2014080630678433] => Array
        (
            [0] => Array
                (
                    [id] => 334
                    [uid] => a72252eba60441a69d804a4579c78d33
                    [cookieid] => 2e8be2dc8bd1463c88bd7aaccdc07a79
                    [title] => 顺幸婴儿床 实木无漆环保童床 多功能宝宝床带摇篮好孩子必备BB床
                    [product_id] => 5b8b1e059263ffabaddfd724717e8213
                    [product_id_ext] => DG8c599a21ee1621da002fccfdc37d04a7
                    [url] => http://s.b5m.com/item/5b8b1e059263ffabaddfd724717e8213.html
                    [image] => http://img.b5m.com/image/T1A8EbBjbj1RCvBVdK
                    [price] => 393.92
                    [save] => 4.48
                    [price_changes] => 0.00
                    [price_avg] => 398.40
                    [postage_rule] => 每样商品加邮费9元
                    [source] => 淘宝网
                    [channel] => web
                    [origin] => 0
                    [type] => 1
                    [goodspec] => 颜色分类:金色甜梦
                    [count] => 1
                    [create_time] => 1405511537
                    [update_time] => 1405511537
                    [status] => 1
                    [num] => 1
                )

            [1] => Array
                (
                    [id] => 333
                    [uid] => a72252eba60441a69d804a4579c78d33
                    [cookieid] => 2e8be2dc8bd1463c88bd7aaccdc07a79
                    [title] => 顺幸婴儿床 实木无漆环保童床 多功能宝宝床带摇篮好孩子必备BB床
                    [product_id] => 5b8b1e059263ffabaddfd724717e8213
                    [product_id_ext] => DGa6a5c4f044dd85bebd9c17dc46d94861
                    [url] => http://s.b5m.com/item/5b8b1e059263ffabaddfd724717e8213.html
                    [image] => http://img.b5m.com/image/T1A8EbBjbj1RCvBVdK
                    [price] => 393.92
                    [save] => 4.48
                    [price_changes] => 0.00
                    [price_avg] => 398.40
                    [postage_rule] => 每样商品加邮费9元
                    [source] => 淘宝网
                    [channel] => web
                    [origin] => 0
                    [type] => 1
                    [goodspec] => 颜色分类:粉红小熊
                    [count] => 1
                    [create_time] => 1405511533
                    [update_time] => 1405511533
                    [status] => 1
                    [num] => 1
                )

        )

)
